\BOOKMARK [0][-]{chapter*.1}{ACKNOWLEDGEMENTS}{}% 1
\BOOKMARK [0][-]{chapter.1}{INTRODUCTION}{}% 2
\BOOKMARK [1][-]{section.1.1}{Ivan\040Karamazov's\040``Problem\040of\040Suffering'':\040A\040Brief\040Introduction}{chapter.1}% 3
\BOOKMARK [1][-]{section.1.2}{Statement\040of\040Thesis\040and\040Layout\040of\040Work}{chapter.1}% 4
\BOOKMARK [0][-]{chapter.2}{IVAN\040KARAMAZOV'S\040``PROBLEM\040OF\040SUFFERING''}{}% 5
\BOOKMARK [1][-]{section.2.1}{``Can\040it\040be\040resolved?''}{chapter.2}% 6
\BOOKMARK [1][-]{section.2.2}{Ivan\040Karamazov's\040Rebellion}{chapter.2}% 7
\BOOKMARK [1][-]{section.2.3}{Alyosha's\040Lapse\040of\040Faith}{chapter.2}% 8
\BOOKMARK [1][-]{section.2.4}{Ivan's\040Grand\040Inquisitor:\040Crucified\040Christ\040and\040Ivan's\040Immature\040Faith}{chapter.2}% 9
\BOOKMARK [0][-]{chapter.3}{THE\040BEGINNING\040OF\040``ACTIVE\040LOVE''}{}% 10
\BOOKMARK [1][-]{section.3.1}{Zosima's\040Brother:\040The\040Inspiration}{chapter.3}% 11
\BOOKMARK [0][-]{chapter.4}{GRATITUDE:\040RESTORING\040A\040PROPER\040RELATIONSHIP\040WITH\040GOD}{}% 12
\BOOKMARK [1][-]{section.4.1}{The\040Book\040of\040Job:\040A\040Trial\040That\040Enabled\040Job\040to\040See\040God}{chapter.4}% 13
\BOOKMARK [1][-]{section.4.2}{Genesis:\040The\040Lesson\040of\040Man's\040Place\040in\040Creation\040and\040His\040Relationship\040With\040God}{chapter.4}% 14
\BOOKMARK [1][-]{section.4.3}{The\040Fall:\040Doubt\040Fractures\040Man's\040Relationship\040With\040God\040and\040Fellow\040Men}{chapter.4}% 15
\BOOKMARK [0][-]{chapter.5}{PROPER\040PERSPECTIVE:\040LOVING\040ONE'S\040NEIGHBOR\040AS\040CHRIST\040LOVED}{}% 16
\BOOKMARK [1][-]{section.5.1}{Madame\040Khokhlavov's\040`Little\040Faith'\040and\040the\040Search\040for\040Immediate\040Gratitude}{chapter.5}% 17
\BOOKMARK [1][-]{section.5.2}{Zosima's\040Answer:\040Seeing\040Christ\040in\040all\040People}{chapter.5}% 18
\BOOKMARK [1][-]{section.5.3}{Heaven:\040The\040Hope\040That\040Sustains\040Perseverance}{chapter.5}% 19
\BOOKMARK [0][-]{chapter.6}{ACCEPTING\040REALITY:\040MAN'S\040FALLEN\040NATURE\040AND\040REDEMPTION}{}% 20
\BOOKMARK [1][-]{section.6.1}{Guilty\040Before\040All:\040Markel's\040Message\040Lives\040Through\040Zosima}{chapter.6}% 21
\BOOKMARK [1][-]{section.6.2}{Accepting\040Forgiveness:\040The\040Final\040Key\040in\040the\040Transformation}{chapter.6}% 22
\BOOKMARK [0][-]{chapter.7}{Conclusions}{}% 23
