This is XeTeX, Version 3.1415926-2.4-0.9998 (TeX Live 2012/Debian) (format=xelatex 2013.12.27)  30 JAN 2014 23:28
entering extended mode
 restricted \write18 enabled.
 file:line:error style messages enabled.
 %&-line parsing enabled.
**ThesisTextBody_Revisions_FreshStart.tex
(./ThesisTextBody_Revisions_FreshStart.tex
LaTeX2e <2011/06/27>
Babel <v3.8m> and hyphenation patterns for english, dumylang, nohyphenation, et
hiopic, farsi, arabic, pinyin, croatian, bulgarian, ukrainian, russian, slovak,
 czech, danish, dutch, usenglishmax, ukenglish, finnish, french, basque, ngerma
n, german, swissgerman, ngerman-x-2012-05-30, german-x-2012-05-30, monogreek, g
reek, ibycus, ancientgreek, hungarian, bengali, tamil, hindi, telugu, gujarati,
 sanskrit, malayalam, kannada, assamese, marathi, oriya, panjabi, italian, lati
n, latvian, lithuanian, mongolian, mongolianlmc, nynorsk, bokmal, indonesian, e
speranto, coptic, welsh, irish, interlingua, serbian, serbianc, slovenian, friu
lan, romansh, estonian, romanian, armenian, uppersorbian, turkish, afrikaans, i
celandic, kurmanji, polish, portuguese, galician, catalan, spanish, swedish, th
ai, loaded.
./ThesisTextBody_Revisions_FreshStart.tex:1: Undefined control sequence.
l.1 \tableofcontents
                    
? 
./ThesisTextBody_Revisions_FreshStart.tex:1: Emergency stop.
l.1 \tableofcontents
                    
End of file on the terminal!

 
Here is how much of TeX's memory you used:
 4 strings out of 494003
 154 string characters out of 3152808
 48083 words of memory out of 3000000
 3367 multiletter control sequences out of 15000+200000
 3640 words of font info for 14 fonts, out of 3000000 for 9000
 1144 hyphenation exceptions out of 8191
 5i,0n,1p,58b,8s stack positions out of 5000i,500n,10000p,200000b,50000s
No pages of output.
