\BOOKMARK [0][-]{chapter*.1}{ACKNOWLEDGEMENTS}{}% 1
\BOOKMARK [0][-]{chapter.1}{INTRODUCTION}{}% 2
\BOOKMARK [1][-]{section.1.1}{What\040is\040the\040Problem\040of\040Suffering?}{chapter.1}% 3
\BOOKMARK [1][-]{section.1.2}{Redemptive\040Suffering:\040Aquinas'\040Answer\040to\040the\040Problem\040of\040Suffering}{chapter.1}% 4
\BOOKMARK [1][-]{section.1.3}{The\040Inadequacy\040of\040Analytic\040Philosophy\040in\040Solving\040Suffering}{chapter.1}% 5
\BOOKMARK [1][-]{section.1.4}{The\040Nature\040of\040Faith}{chapter.1}% 6
\BOOKMARK [1][-]{section.1.5}{The\040Necessity\040of\040Narrative}{chapter.1}% 7
\BOOKMARK [1][-]{section.1.6}{Statement\040of\040Thesis\040and\040Layout\040of\040Work}{chapter.1}% 8
\BOOKMARK [0][-]{chapter.2}{Gratitude}{}% 9
\BOOKMARK [1][-]{section.2.1}{Job}{chapter.2}% 10
\BOOKMARK [1][-]{section.2.2}{Genesis}{chapter.2}% 11
\BOOKMARK [0][-]{chapter.3}{Proper\040Perspective}{}% 12
\BOOKMARK [1][-]{section.3.1}{Can\040it\040be\040resolved?}{chapter.3}% 13
\BOOKMARK [1][-]{section.3.2}{Seeing\040Christ\040in\040all\040People:\040Interpersonal\040Faith\040and\040Resolution\040to\040Suffering}{chapter.3}% 14
\BOOKMARK [0][-]{chapter.4}{Accepting\040Reality}{}% 15
\BOOKMARK [1][-]{section.4.1}{Ivan\040Karamazov's\040Rebellion}{chapter.4}% 16
\BOOKMARK [1][-]{section.4.2}{Alyosha's\040Lapse\040of\040Faith}{chapter.4}% 17
\BOOKMARK [1][-]{section.4.3}{Guilty Before All — Accepting Man's Fallen Nature}{chapter.4}% 18
\BOOKMARK [1][-]{section.4.4}{Christ Crucified — Ivan's Grand Inquisitor}{chapter.4}% 19
\BOOKMARK [1][-]{section.4.5}{Active\040Love:\040A\040Response\040to\040Ivan\040Karamazov}{chapter.4}% 20
\BOOKMARK [0][-]{chapter.5}{Summary\040and\040Conclusions}{}% 21
